{
    "name": "060 DINH NGHIA QUY TRINH CO SAN",
    "status": "broken",
    "attachments": [
        {
            "name": "L\u1ed7i",
            "source": "/Users/cuongvo/hdb_katalon/IPaper/Plugins/../ErrorScreen/android/Test Cases/IPAPER APP/060 DINH NGHIA QUY TRINH CO SAN.png",
            "type": "image/png"
        }
    ],
    "start": 1748027444157,
    "stop": 1748027545221,
    "uuid": "27559845810744",
    "historyId": "27559845810744",
    "testCaseId": "27559845810744",
    "fullName": "Test Cases/IPAPER APP/060 DINH NGHIA QUY TRINH CO SAN",
    "labels": [
        {
            "name": "parentSuite",
            "value": "Checklist: 23-05-2025 22:49:33"
        }
    ],
    "steps": [
        {
            "name": "DataTest.init()",
            "status": "passed",
            "start": 1748027444164,
            "stop": 1748027444165,
            "steps": []
        },
        {
            "name": "loginScreen.login(auto5)",
            "status": "passed",
            "start": 1748027446801,
            "stop": 1748027455136,
            "steps": []
        },
        {
            "name": "homeScreen.openRequestList()",
            "status": "passed",
            "start": 1748027455136,
            "stop": 1748027460905,
            "steps": []
        },
        {
            "name": "homeScreen.createRequest(REQUEST_NAME)",
            "status": "passed",
            "start": 1748027460906,
            "stop": 1748027468542,
            "steps": []
        },
        {
            "name": "pdfSignScreen.fillInTitle(title)",
            "status": "passed",
            "start": 1748027468542,
            "stop": 1748027470910,
            "steps": []
        },
        {
            "name": "pdfSignScreen.selectPriority(priority)",
            "status": "passed",
            "start": 1748027470910,
            "stop": 1748027472884,
            "steps": []
        },
        {
            "name": "pdfSignScreen.selectTime(time)",
            "status": "passed",
            "start": 1748027472885,
            "stop": 1748027475900,
            "steps": []
        },
        {
            "name": "pdfSignScreen.fillInDescription(description)",
            "status": "passed",
            "start": 1748027475900,
            "stop": 1748027477642,
            "steps": []
        },
        {
            "name": "pdfSignScreen.openMainFileBrowser()",
            "status": "passed",
            "start": 1748027477643,
            "stop": 1748027478705,
            "steps": []
        },
        {
            "name": "fileBrowserScreen.attachFile(mainFileName)",
            "status": "passed",
            "start": 1748027478706,
            "stop": 1748027487915,
            "steps": []
        },
        {
            "name": "pdfSignScreen.openSubFileBrowser()",
            "status": "passed",
            "start": 1748027487916,
            "stop": 1748027492953,
            "steps": []
        },
        {
            "name": "fileBrowserScreen.attachFile(subFileName)",
            "status": "passed",
            "start": 1748027492953,
            "stop": 1748027508237,
            "steps": []
        },
        {
            "name": "pdfSignScreen.selectProcessDefined(PROCESS_NAME)",
            "status": "broken",
            "start": 1748027508237,
            "stop": 1748027542078,
            "steps": [
                {
                    "name": "Test Cases/IPAPER APP/060 DINH NGHIA QUY TRINH CO SAN FAILED.\nReason:\norg.openqa.selenium.TimeoutException: Expected condition failed: waiting for base.BaseKeyword$Trait$Helper$_waitForPresentOf_closure1@3c28c0da (tried for 30 second(s) with 500 milliseconds interval)\nBuild info: version: '3.141.59', revision: 'unknown', time: 'unknown'\nSystem info: host: '192.168.30.108', ip: 'fe80:0:0:0:857:c3df:d699:1dc0%en0', os.name: 'Mac OS X', os.arch: 'aarch64', os.version: '15.5', java.version: '17.0.7'\nDriver info: com.kms.katalon.core.appium.driver.SwipeableAndroidDriver\nCapabilities {automationName: UiAutomator2, databaseEnabled: false, desired: {automationName: UiAutomator2, deviceName: af0c5cf7, noReset: true, platformName: android, waitForIdleTimeout: 3000}, deviceApiLevel: 35, deviceManufacturer: OPPO, deviceModel: CPH2699, deviceName: af0c5cf7, deviceScreenDensity: 480, deviceScreenSize: 1080x2400, deviceUDID: af0c5cf7, javascriptEnabled: true, locationContextEnabled: false, networkConnectionEnabled: true, noReset: true, pixelRatio: 3, platform: LINUX, platformName: Android, platformVersion: 15, statBarHeight: 120, takesScreenshot: true, viewportRect: {height: 2280, left: 0, top: 120, width: 1080}, waitForIdleTimeout: 3000, warnings: {}, webStorageEnabled: false}\nSession ID: 62e5b862-d2c0-4dcf-ad05-c0bce164dcf0\n\tat org.openqa.selenium.support.ui.WebDriverWait.timeoutException(WebDriverWait.java:95)\n\tat org.openqa.selenium.support.ui.FluentWait.until(FluentWait.java:272)\n\tat base.BaseKeyword$Trait$Helper.waitForPresentOf(BaseKeyword.groovy:344)\n\tat screens.PDFSignScreen.waitForPresentOf(PDFSignScreen.groovy)\n\tat screens.PDFSignScreen.selectProcessDefined(PDFSignScreen.groovy:200)\n\tat 060 DINH NGHIA QUY TRINH CO SAN.run(060 DINH NGHIA QUY TRINH CO SAN:50)\n\tat com.kms.katalon.core.main.ScriptEngine.run(ScriptEngine.java:194)\n\tat com.kms.katalon.core.main.ScriptEngine.runScriptAsRawText(ScriptEngine.java:119)\n\tat com.kms.katalon.core.main.TestCaseExecutor.runScript(TestCaseExecutor.java:448)\n\tat com.kms.katalon.core.main.TestCaseExecutor.doExecute(TestCaseExecutor.java:439)\n\tat com.kms.katalon.core.main.TestCaseExecutor.processExecutionPhase(TestCaseExecutor.java:418)\n\tat com.kms.katalon.core.main.TestCaseExecutor.accessMainPhase(TestCaseExecutor.java:410)\n\tat com.kms.katalon.core.main.TestCaseExecutor.execute(TestCaseExecutor.java:285)\n\tat com.kms.katalon.core.main.TestCaseExecutor.execute(TestCaseExecutor.java:369)\n\tat com.kms.katalon.core.main.TestCaseExecutor.execute(TestCaseExecutor.java:369)\n\tat com.kms.katalon.core.main.TestCaseExecutor.execute(TestCaseExecutor.java:369)\n\tat com.kms.katalon.core.common.CommonExecutor.accessTestCaseMainPhase(CommonExecutor.java:65)\n\tat com.kms.katalon.core.main.TestSuiteExecutor.accessTestSuiteMainPhase(TestSuiteExecutor.java:150)\n\tat com.kms.katalon.core.main.TestSuiteExecutor.execute(TestSuiteExecutor.java:106)\n\tat com.kms.katalon.core.main.TestCaseMain.startTestSuite(TestCaseMain.java:180)\n\tat TempTestSuite1748015363748.run(TempTestSuite1748015363748.groovy:35)\n\tat java.base/jdk.internal.reflect.NativeMethodAccessorImpl.invoke0(Native Method)\n\tat java.base/jdk.internal.reflect.NativeMethodAccessorImpl.invoke(NativeMethodAccessorImpl.java:77)\n\tat java.base/jdk.internal.reflect.DelegatingMethodAccessorImpl.invoke(DelegatingMethodAccessorImpl.java:43)",
                    "status": "broken",
                    "start": 1748027542074,
                    "stop": 1748027542075
                }
            ]
        }
    ]
}