{
    "name": "001 DANG NHAP",
    "status": "failed",
    "attachments": [
        {
            "name": "L\u1ed7i",
            "source": "/Users/cuongvo/hdb_katalon/IPaper/Plugins/allure/../../ErrorScreen/android/Test Cases_IPAPER APP_001 DANG NHAP.png",
            "type": "image/png"
        }
    ],
    "start": 1745811566012,
    "stop": 1745811602340,
    "uuid": "3882812433999",
    "historyId": "3882812433999",
    "testCaseId": "3882812433999",
    "fullName": "Test Cases/IPAPER APP/001 DANG NHAP",
    "labels": [
        {
            "name": "parentSuite",
            "value": "Checklist: 28-04-2025 10:39:26"
        }
    ],
    "steps": [
        {
            "name": "file.withWriterAppend(\"UTF-8\", { java.lang.Object writer -> ... })",
            "status": "passed",
            "start": 1745811558930,
            "stop": 1745811558940,
            "steps": []
        },
        {
            "name": "DataTest.init()",
            "status": "passed",
            "start": 1745811566024,
            "stop": 1745811566046,
            "steps": []
        },
        {
            "name": "loginScreen.login(user)",
            "status": "passed",
            "start": 1745811577081,
            "stop": 1745811591294,
            "steps": [
                {
                    "name": "Tapped on element '//android.widget.EditText[@resource-id='com.hdbank.ipaper:id/edit_text_user_name']'",
                    "status": "passed",
                    "start": 1745811578090,
                    "stop": 1745811578091
                },
                {
                    "name": "Element '//android.widget.EditText[@resource-id='com.hdbank.ipaper:id/edit_text_user_name']' text is cleared",
                    "status": "passed",
                    "start": 1745811579401,
                    "stop": 1745811579402
                },
                {
                    "name": "Send keys 'auto1' on test object '//android.widget.EditText[@resource-id='com.hdbank.ipaper:id/edit_text_user_name']' successfully.",
                    "status": "passed",
                    "start": 1745811580672,
                    "stop": 1745811580673
                },
                {
                    "name": "Tapped on element '//android.widget.EditText[@resource-id='com.hdbank.ipaper:id/edit_text_pw']'",
                    "status": "passed",
                    "start": 1745811581465,
                    "stop": 1745811581466
                },
                {
                    "name": "Element '//android.widget.EditText[@resource-id='com.hdbank.ipaper:id/edit_text_pw']' text is cleared",
                    "status": "passed",
                    "start": 1745811582676,
                    "stop": 1745811582677
                },
                {
                    "name": "Send keys 'Auto@12345' on test object '//android.widget.EditText[@resource-id='com.hdbank.ipaper:id/edit_text_pw']' successfully.",
                    "status": "passed",
                    "start": 1745811585757,
                    "stop": 1745811585758
                },
                {
                    "name": "Tapped on element 'com.hdbank.ipaper:id/img_logo'",
                    "status": "passed",
                    "start": 1745811587254,
                    "stop": 1745811587255
                },
                {
                    "name": "Tapped on element 'com.hdbank.ipaper:id/btn_sign_in'",
                    "status": "passed",
                    "start": 1745811588216,
                    "stop": 1745811588217
                }
            ]
        },
        {
            "name": "homeScreen.expandMenu()",
            "status": "failed",
            "start": 1745811591294,
            "stop": 1745811595690,
            "steps": [
                {
                    "name": "Test Cases/IPAPER APP/001 DANG NHAP FAILED.\nReason:\norg.openqa.selenium.NoSuchElementException: An element could not be located on the page using the given search parameters.\nFor documentation on this error, please visit: https://www.selenium.dev/documentation/webdriver/troubleshooting/errors#no-such-element-exception\nBuild info: version: '4.28.1', revision: '73f5ad48a2'\nSystem info: os.name: 'Mac OS X', os.arch: 'aarch64', os.version: '15.4.1', java.version: '17.0.14'\nDriver info: io.appium.java_client.android.AndroidDriver\nCommand: [61c8c0fe-8445-4158-a12e-aa5217814d55, findElement {value=//android.widget.RelativeLayout[@resource-id='com.hdbank.ipaper:id/layout_home_bar'], using=xpath}]\nCapabilities {appium:appActivity: .Settings, appium:appPackage: com.android.settings, appium:autoGrantPermissions: true, appium:automationName: uiautomator2, appium:databaseEnabled: false, appium:desired: {appActivity: .Settings, appPackage: com.android.settings, autoGrantPermissions: true, automationName: uiautomator2, deviceId: , deviceName: OPPO CPH2699 (Android 15), newCommandTimeout: 1800, platformName: ANDROID, platformVersion: 15, systemPort: 8201, udid: af0c5cf7}, appium:deviceApiLevel: 35, appium:deviceId: , appium:deviceManufacturer: OPPO, appium:deviceModel: CPH2699, appium:deviceName: af0c5cf7, appium:deviceScreenDensity: 480, appium:deviceScreenSize: 1080x2400, appium:deviceUDID: af0c5cf7, appium:javascriptEnabled: true, appium:locationContextEnabled: false, appium:networkConnectionEnabled: true, appium:newCommandTimeout: 1800, appium:pixelRatio: 3, appium:platformVersion: 15, appium:statBarHeight: 120, appium:systemPort: 8201, appium:takesScreenshot: true, appium:udid: af0c5cf7, appium:viewportRect: {height: 2280, left: 0, top: 120, width: 1080}, appium:warnings: {}, appium:webStorageEnabled: false, platformName: ANDROID}\nSession ID: 61c8c0fe-8445-4158-a12e-aa5217814d55\n\tat java.base/jdk.internal.reflect.NativeConstructorAccessorImpl.newInstance0(Native Method)\n\tat java.base/jdk.internal.reflect.NativeConstructorAccessorImpl.newInstance(NativeConstructorAccessorImpl.java:77)\n\tat java.base/jdk.internal.reflect.DelegatingConstructorAccessorImpl.newInstance(DelegatingConstructorAccessorImpl.java:45)\n\tat org.openqa.selenium.remote.ErrorCodec.decode(ErrorCodec.java:167)\n\tat org.openqa.selenium.remote.codec.w3c.W3CHttpResponseCodec.decode(W3CHttpResponseCodec.java:138)\n\tat org.openqa.selenium.remote.codec.w3c.W3CHttpResponseCodec.decode(W3CHttpResponseCodec.java:50)\n\tat org.openqa.selenium.remote.HttpCommandExecutor.execute(HttpCommandExecutor.java:215)\n\tat io.appium.java_client.remote.AppiumCommandExecutor.execute(AppiumCommandExecutor.java:237)\n\tat org.openqa.selenium.remote.RemoteWebDriver.execute(RemoteWebDriver.java:545)\n\tat org.openqa.selenium.remote.ElementLocation$ElementFinder$2.findElement(ElementLocation.java:165)\n\tat org.openqa.selenium.remote.ElementLocation.findElement(ElementLocation.java:59)\n\tat org.openqa.selenium.remote.RemoteWebDriver.findElement(RemoteWebDriver.java:368)\n\tat org.openqa.selenium.remote.RemoteWebDriver.findElement(RemoteWebDriver.java:362)\n\tat base.BaseKeyword$Trait$Helper.convertTestObjectToWebElement(BaseKeyword.groovy:238)\n\tat screens.HomeScreen.convertTestObjectToWebElement(HomeScreen.groovy)\n\tat base.BaseKeyword$Trait$Helper.waitForVisibilityOf(BaseKeyword.groovy:206)\n\tat screens.HomeScreen.waitForVisibilityOf(HomeScreen.groovy)\n\tat screens.HomeScreen.expandMenu(HomeScreen.groovy:52)\n\tat 001 DANG NHAP.run(001 DANG NHAP:9)\n\tat com.kms.katalon.core.main.ScriptEngine.run(ScriptEngine.java:194)\n\tat com.kms.katalon.core.main.ScriptEngine.runScriptAsRawText(ScriptEngine.java:119)\n\tat com.kms.katalon.core.main.TestCaseExecutor.runScript(TestCaseExecutor.java:486)\n\tat com.kms.katalon.core.main.TestCaseExecutor.doExecute(TestCaseExecutor.java:477)\n\tat com.kms.katalon.core.main.TestCaseExecutor.processExecutionPhase(TestCaseExecutor.java:456)\n\tat com.kms.katalon.core.main.TestCaseExecutor.accessMainPhase(TestCaseExecutor.java:448)\n\tat com.kms.katalon.core.main.TestCaseExecutor.execute(TestCaseExecutor.java:322)\n\tat com.kms.katalon.core.common.CommonExecutor.accessTestCaseMainPhase(CommonExecutor.java:71)\n\tat com.kms.katalon.core.main.TestSuiteExecutor.accessTestSuiteMainPhase(TestSuiteExecutor.java:160)\n\tat com.kms.katalon.core.main.TestSuiteExecutor.execute(TestSuiteExecutor.java:107)\n\tat com.kms.katalon.core.main.TestCaseMain.startTestSuite(TestCaseMain.java:186)\n\tat TempTestSuite1745811555816.run(TempTestSuite1745811555816.groovy:35)\n\tat java.base/jdk.internal.reflect.NativeMethodAccessorImpl.invoke0(Native Method)\n\tat java.base/jdk.internal.reflect.NativeMethodAccessorImpl.invoke(NativeMethodAccessorImpl.java:77)\n\tat java.base/jdk.internal.reflect.DelegatingMethodAccessorImpl.invoke(DelegatingMethodAccessorImpl.java:43)",
                    "status": "failed",
                    "start": 1745811595685,
                    "stop": 1745811595686
                }
            ]
        }
    ]
}