{
    "name": "M25 KIEM TRA LUONG GUI Y KIEN TREN MAIL",
    "status": "failed",
    "attachments": [
        {
            "name": "L\u1ed7i",
            "source": "/Users/cuongvo/hdb_katalon/IPaper/Plugins/allure/../../ErrorScreen/ios/Test Cases_CHUC NANG LAY Y KIEN TREN MAIL_M25 KIEM TRA LUONG GUI Y KIEN TREN MAIL.png",
            "type": "image/png"
        }
    ],
    "start": 1746668617086,
    "stop": 1746668649072,
    "uuid": "32623817969670",
    "historyId": "32623817969670",
    "testCaseId": "32623817969670",
    "fullName": "Test Cases/CHUC NANG LAY Y KIEN TREN MAIL/M25 KIEM TRA LUONG GUI Y KIEN TREN MAIL",
    "labels": [
        {
            "name": "parentSuite",
            "value": "Checklist: 08-05-2025 08:39:44"
        }
    ],
    "steps": [
        {
            "name": "DataTest.init()",
            "status": "passed",
            "start": 1746668617111,
            "stop": 1746668617112,
            "steps": []
        },
        {
            "name": "loginScreen.login(auto6)",
            "status": "failed",
            "start": 1746668642399,
            "stop": 1746668642408,
            "steps": [
                {
                    "name": "Test Cases/CHUC NANG LAY Y KIEN TREN MAIL/M25 KIEM TRA LUONG GUI Y KIEN TREN MAIL FAILED.\nReason:\norg.openqa.selenium.NoSuchSessionException: Session ID is null. Using WebDriver after calling quit()?\nBuild info: version: '4.28.1', revision: '73f5ad48a2'\nSystem info: os.name: 'Mac OS X', os.arch: 'aarch64', os.version: '15.4.1', java.version: '17.0.14'\nDriver info: io.appium.java_client.ios.IOSDriver\nCommand: [null, getTimeouts {}]\nCapabilities {appium:automationName: XCUITest, appium:bundleId: com.hdbank.ipaper, appium:databaseEnabled: false, appium:deviceId: , appium:deviceName: iPhone 13 Pro Max, appium:javascriptEnabled: true, appium:locationContextEnabled: false, appium:networkConnectionEnabled: false, appium:newCommandTimeout: 1800, appium:platformVersion: 18.4, appium:takesScreenshot: true, appium:udid: 00008110-000C10543443801E, appium:waitForAppScript: true;, appium:wdaLocalPort: 55364, appium:webStorageEnabled: false, platformName: IOS}\n\tat org.openqa.selenium.remote.HttpCommandExecutor.execute(HttpCommandExecutor.java:176)\n\tat io.appium.java_client.remote.AppiumCommandExecutor.execute(AppiumCommandExecutor.java:237)\n\tat org.openqa.selenium.remote.RemoteWebDriver.execute(RemoteWebDriver.java:545)\n\tat org.openqa.selenium.remote.RemoteWebDriver.execute(RemoteWebDriver.java:618)\n\tat io.appium.java_client.AppiumDriver.execute(AppiumDriver.java:310)\n\tat org.openqa.selenium.remote.RemoteWebDriver$RemoteWebDriverOptions$RemoteTimeouts.getImplicitWaitTimeout(RemoteWebDriver.java:966)\n\tat base.BaseKeyword$Trait$Helper.isDisplayed(BaseKeyword.groovy:156)\n\tat screens.LoginScreen.isDisplayed(LoginScreen.groovy)\n\tat base.BaseKeyword$Trait$Helper.isDisplayed(BaseKeyword.groovy:152)\n\tat screens.LoginScreen.isDisplayed(LoginScreen.groovy)\n\tat screens.LoginScreen.isGuest(LoginScreen.groovy:34)\n\tat screens.LoginScreen.login(LoginScreen.groovy:10)\n\tat M25 KIEM TRA LUONG GUI Y KIEN TREN MAIL.run(M25 KIEM TRA LUONG GUI Y KIEN TREN MAIL:20)\n\tat com.kms.katalon.core.main.ScriptEngine.run(ScriptEngine.java:194)\n\tat com.kms.katalon.core.main.ScriptEngine.runScriptAsRawText(ScriptEngine.java:119)\n\tat com.kms.katalon.core.main.TestCaseExecutor.runScript(TestCaseExecutor.java:486)\n\tat com.kms.katalon.core.main.TestCaseExecutor.doExecute(TestCaseExecutor.java:477)\n\tat com.kms.katalon.core.main.TestCaseExecutor.processExecutionPhase(TestCaseExecutor.java:456)\n\tat com.kms.katalon.core.main.TestCaseExecutor.accessMainPhase(TestCaseExecutor.java:448)\n\tat com.kms.katalon.core.main.TestCaseExecutor.execute(TestCaseExecutor.java:322)\n\tat com.kms.katalon.core.common.CommonExecutor.accessTestCaseMainPhase(CommonExecutor.java:71)\n\tat com.kms.katalon.core.main.TestSuiteExecutor.accessTestSuiteMainPhase(TestSuiteExecutor.java:160)\n\tat com.kms.katalon.core.main.TestSuiteExecutor.execute(TestSuiteExecutor.java:107)\n\tat com.kms.katalon.core.main.TestCaseMain.startTestSuite(TestCaseMain.java:186)\n\tat TempTestSuite1746668379598.run(TempTestSuite1746668379598.groovy:35)\n\tat java.base/jdk.internal.reflect.NativeMethodAccessorImpl.invoke0(Native Method)\n\tat java.base/jdk.internal.reflect.NativeMethodAccessorImpl.invoke(NativeMethodAccessorImpl.java:77)\n\tat java.base/jdk.internal.reflect.DelegatingMethodAccessorImpl.invoke(DelegatingMethodAccessorImpl.java:43)",
                    "status": "failed",
                    "start": 1746668642406,
                    "stop": 1746668642407
                }
            ]
        }
    ]
}